{"C:\\School\\Leren TypesScript (Course)\\typescriptHerhalingOpdracht\\boluscalculation.js": {"path":"C:\\School\\Leren TypesScript (Course)\\typescriptHerhalingOpdracht\\boluscalculation.js","statementMap":{"0":{"start":{"line":1,"column":36},"end":{"line":30,"column":3}},"1":{"start":{"line":4,"column":4},"end":{"line":13,"column":6}},"2":{"start":{"line":5,"column":8},"end":{"line":12,"column":9}},"3":{"start":{"line":6,"column":35},"end":{"line":6,"column":48}},"4":{"start":{"line":7,"column":12},"end":{"line":7,"column":36}},"5":{"start":{"line":11,"column":12},"end":{"line":11,"column":21}},"6":{"start":{"line":14,"column":4},"end":{"line":17,"column":6}},"7":{"start":{"line":15,"column":24},"end":{"line":15,"column":44}},"8":{"start":{"line":16,"column":8},"end":{"line":16,"column":25}},"9":{"start":{"line":18,"column":4},"end":{"line":28,"column":6}},"10":{"start":{"line":19,"column":8},"end":{"line":27,"column":9}},"11":{"start":{"line":20,"column":24},"end":{"line":20,"column":46}},"12":{"start":{"line":21,"column":29},"end":{"line":21,"column":46}},"13":{"start":{"line":22,"column":12},"end":{"line":22,"column":30}},"14":{"start":{"line":25,"column":12},"end":{"line":25,"column":77}},"15":{"start":{"line":26,"column":12},"end":{"line":26,"column":21}},"16":{"start":{"line":29,"column":4},"end":{"line":29,"column":26}},"17":{"start":{"line":31,"column":0},"end":{"line":31,"column":32}},"18":{"start":{"line":32,"column":0},"end":{"line":81,"column":10}},"19":{"start":{"line":33,"column":23},"end":{"line":33,"column":62}},"20":{"start":{"line":35,"column":4},"end":{"line":55,"column":5}},"21":{"start":{"line":36,"column":8},"end":{"line":54,"column":11}},"22":{"start":{"line":37,"column":25},"end":{"line":37,"column":68}},"23":{"start":{"line":38,"column":12},"end":{"line":53,"column":13}},"24":{"start":{"line":39,"column":16},"end":{"line":49,"column":17}},"25":{"start":{"line":40,"column":20},"end":{"line":40,"column":104}},"26":{"start":{"line":41,"column":42},"end":{"line":41,"column":104}},"27":{"start":{"line":42,"column":20},"end":{"line":45,"column":21}},"28":{"start":{"line":43,"column":24},"end":{"line":43,"column":117}},"29":{"start":{"line":44,"column":24},"end":{"line":44,"column":117}},"30":{"start":{"line":48,"column":20},"end":{"line":48,"column":51}},"31":{"start":{"line":52,"column":16},"end":{"line":52,"column":61}},"32":{"start":{"line":56,"column":22},"end":{"line":56,"column":61}},"33":{"start":{"line":57,"column":4},"end":{"line":80,"column":5}},"34":{"start":{"line":58,"column":8},"end":{"line":79,"column":11}},"35":{"start":{"line":59,"column":12},"end":{"line":78,"column":13}},"36":{"start":{"line":60,"column":34},"end":{"line":60,"column":76}},"37":{"start":{"line":61,"column":16},"end":{"line":74,"column":17}},"38":{"start":{"line":62,"column":20},"end":{"line":70,"column":21}},"39":{"start":{"line":63,"column":37},"end":{"line":63,"column":125}},"40":{"start":{"line":64,"column":24},"end":{"line":66,"column":25}},"41":{"start":{"line":65,"column":28},"end":{"line":65,"column":112}},"42":{"start":{"line":69,"column":24},"end":{"line":69,"column":55}},"43":{"start":{"line":73,"column":20},"end":{"line":73,"column":65}},"44":{"start":{"line":77,"column":16},"end":{"line":77,"column":50}}},"fnMap":{"0":{"name":"(anonymous_0)","decl":{"start":{"line":1,"column":36},"end":{"line":1,"column":37}},"loc":{"start":{"line":1,"column":48},"end":{"line":30,"column":1}},"line":1},"1":{"name":"CalculateBolus","decl":{"start":{"line":2,"column":13},"end":{"line":2,"column":27}},"loc":{"start":{"line":2,"column":30},"end":{"line":3,"column":5}},"line":2},"2":{"name":"(anonymous_2)","decl":{"start":{"line":4,"column":40},"end":{"line":4,"column":41}},"loc":{"start":{"line":4,"column":58},"end":{"line":13,"column":5}},"line":4},"3":{"name":"(anonymous_3)","decl":{"start":{"line":14,"column":40},"end":{"line":14,"column":41}},"loc":{"start":{"line":14,"column":68},"end":{"line":17,"column":5}},"line":14},"4":{"name":"(anonymous_4)","decl":{"start":{"line":18,"column":41},"end":{"line":18,"column":42}},"loc":{"start":{"line":18,"column":80},"end":{"line":28,"column":5}},"line":18},"5":{"name":"(anonymous_5)","decl":{"start":{"line":32,"column":32},"end":{"line":32,"column":33}},"loc":{"start":{"line":32,"column":44},"end":{"line":81,"column":1}},"line":32},"6":{"name":"(anonymous_6)","decl":{"start":{"line":36,"column":74},"end":{"line":36,"column":75}},"loc":{"start":{"line":36,"column":86},"end":{"line":54,"column":9}},"line":36},"7":{"name":"(anonymous_7)","decl":{"start":{"line":58,"column":73},"end":{"line":58,"column":74}},"loc":{"start":{"line":58,"column":85},"end":{"line":79,"column":9}},"line":58}},"branchMap":{"0":{"loc":{"start":{"line":5,"column":8},"end":{"line":12,"column":9}},"type":"if","locations":[{"start":{"line":5,"column":8},"end":{"line":12,"column":9}},{"start":{"line":5,"column":8},"end":{"line":12,"column":9}}],"line":5},"1":{"loc":{"start":{"line":5,"column":12},"end":{"line":5,"column":40}},"type":"binary-expr","locations":[{"start":{"line":5,"column":12},"end":{"line":5,"column":23}},{"start":{"line":5,"column":27},"end":{"line":5,"column":40}}],"line":5},"2":{"loc":{"start":{"line":19,"column":8},"end":{"line":27,"column":9}},"type":"if","locations":[{"start":{"line":19,"column":8},"end":{"line":27,"column":9}},{"start":{"line":19,"column":8},"end":{"line":27,"column":9}}],"line":19},"3":{"loc":{"start":{"line":19,"column":12},"end":{"line":19,"column":46}},"type":"binary-expr","locations":[{"start":{"line":19,"column":12},"end":{"line":19,"column":26}},{"start":{"line":19,"column":30},"end":{"line":19,"column":46}}],"line":19},"4":{"loc":{"start":{"line":35,"column":4},"end":{"line":55,"column":5}},"type":"if","locations":[{"start":{"line":35,"column":4},"end":{"line":55,"column":5}},{"start":{"line":35,"column":4},"end":{"line":55,"column":5}}],"line":35},"5":{"loc":{"start":{"line":38,"column":12},"end":{"line":53,"column":13}},"type":"if","locations":[{"start":{"line":38,"column":12},"end":{"line":53,"column":13}},{"start":{"line":38,"column":12},"end":{"line":53,"column":13}}],"line":38},"6":{"loc":{"start":{"line":39,"column":16},"end":{"line":49,"column":17}},"type":"if","locations":[{"start":{"line":39,"column":16},"end":{"line":49,"column":17}},{"start":{"line":39,"column":16},"end":{"line":49,"column":17}}],"line":39},"7":{"loc":{"start":{"line":42,"column":20},"end":{"line":45,"column":21}},"type":"if","locations":[{"start":{"line":42,"column":20},"end":{"line":45,"column":21}},{"start":{"line":42,"column":20},"end":{"line":45,"column":21}}],"line":42},"8":{"loc":{"start":{"line":57,"column":4},"end":{"line":80,"column":5}},"type":"if","locations":[{"start":{"line":57,"column":4},"end":{"line":80,"column":5}},{"start":{"line":57,"column":4},"end":{"line":80,"column":5}}],"line":57},"9":{"loc":{"start":{"line":59,"column":12},"end":{"line":78,"column":13}},"type":"if","locations":[{"start":{"line":59,"column":12},"end":{"line":78,"column":13}},{"start":{"line":59,"column":12},"end":{"line":78,"column":13}}],"line":59},"10":{"loc":{"start":{"line":61,"column":16},"end":{"line":74,"column":17}},"type":"if","locations":[{"start":{"line":61,"column":16},"end":{"line":74,"column":17}},{"start":{"line":61,"column":16},"end":{"line":74,"column":17}}],"line":61},"11":{"loc":{"start":{"line":62,"column":20},"end":{"line":70,"column":21}},"type":"if","locations":[{"start":{"line":62,"column":20},"end":{"line":70,"column":21}},{"start":{"line":62,"column":20},"end":{"line":70,"column":21}}],"line":62},"12":{"loc":{"start":{"line":64,"column":24},"end":{"line":66,"column":25}},"type":"if","locations":[{"start":{"line":64,"column":24},"end":{"line":66,"column":25}},{"start":{"line":64,"column":24},"end":{"line":66,"column":25}}],"line":64}},"s":{"0":1,"1":1,"2":3,"3":1,"4":1,"5":2,"6":1,"7":1,"8":1,"9":1,"10":1,"11":1,"12":1,"13":1,"14":0,"15":0,"16":1,"17":1,"18":1,"19":0,"20":0,"21":0,"22":0,"23":0,"24":0,"25":0,"26":0,"27":0,"28":0,"29":0,"30":0,"31":0,"32":0,"33":0,"34":0,"35":0,"36":0,"37":0,"38":0,"39":0,"40":0,"41":0,"42":0,"43":0,"44":0},"f":{"0":1,"1":0,"2":3,"3":1,"4":1,"5":0,"6":0,"7":0},"b":{"0":[1,2],"1":[3,2],"2":[1,0],"3":[1,1],"4":[0,0],"5":[0,0],"6":[0,0],"7":[0,0],"8":[0,0],"9":[0,0],"10":[0,0],"11":[0,0],"12":[0,0]},"_coverageSchema":"1a1c01bbd47fc00a2c39e90264f33305004495a9","hash":"4c894c3cd454e380b8dc7f1af1ae9f0bb40040c7"}
}
